<?xml version="1.0" ?>
<coverage branch-rate="1" branches-covered="0" branches-valid="0" complexity="0" line-rate="0" lines-covered="0" lines-valid="17" timestamp="1569663810660" version="4.5.4">
	<!-- Generated by coverage.py: https://coverage.readthedocs.io -->
	<!-- Based on https://raw.githubusercontent.com/cobertura/web/master/htdocs/xml/coverage-04.dtd -->
	<sources>
		<source>/Users/Paul/dev/kaon</source>
	</sources>
	<packages>
		<package branch-rate="1" complexity="0" line-rate="0" name=".tox.py37.lib.python3.7.site-packages.kaon">
			<classes>
				<class branch-rate="1" complexity="0" filename=".tox/py37/lib/python3.7/site-packages/kaon/__init__.py" line-rate="1" name="__init__.py">
					<methods/>
					<lines/>
				</class>
				<class branch-rate="1" complexity="0" filename=".tox/py37/lib/python3.7/site-packages/kaon/app.py" line-rate="0" name="app.py">
					<methods/>
					<lines>
						<line hits="0" number="1"/>
						<line hits="0" number="3"/>
						<line hits="0" number="5"/>
						<line hits="0" number="8"/>
						<line hits="0" number="9"/>
						<line hits="0" number="10"/>
					</lines>
				</class>
				<class branch-rate="1" complexity="0" filename=".tox/py37/lib/python3.7/site-packages/kaon/types.py" line-rate="0" name="types.py">
					<methods/>
					<lines>
						<line hits="0" number="1"/>
						<line hits="0" number="15"/>
						<line hits="0" number="16"/>
						<line hits="0" number="18"/>
						<line hits="0" number="21"/>
						<line hits="0" number="24"/>
						<line hits="0" number="26"/>
						<line hits="0" number="27"/>
						<line hits="0" number="28"/>
						<line hits="0" number="30"/>
						<line hits="0" number="36"/>
					</lines>
				</class>
			</classes>
		</package>
	</packages>
</coverage>
